c:\users\yana\source\repos\sb\sb\debug\sb.pch
c:\users\yana\source\repos\sb\sb\debug\vc142.pdb
c:\users\yana\source\repos\sb\sb\debug\vc142.idb
c:\users\yana\source\repos\sb\sb\debug\pch.obj
c:\users\yana\source\repos\sb\sb\debug\sbdlg.obj
c:\users\yana\source\repos\sb\sb\debug\sb.obj
c:\users\yana\source\repos\sb\debug\sb.exe
c:\users\yana\source\repos\sb\sb\debug\sb.ilk
c:\users\yana\source\repos\sb\debug\sb.pdb
c:\users\yana\source\repos\sb\sb\debug\sb.res
c:\users\yana\source\repos\sb\sb\debug\kapi5.tli
c:\users\yana\source\repos\sb\sb\debug\kapi5.tlh
c:\users\yana\source\repos\sb\sb\debug\ksconstants.tlh
c:\users\yana\source\repos\sb\sb\debug\ksconstants3d.tlh
c:\users\yana\source\repos\sb\sb\debug\sb.tlog\cl.command.1.tlog
c:\users\yana\source\repos\sb\sb\debug\sb.tlog\cl.read.1.tlog
c:\users\yana\source\repos\sb\sb\debug\sb.tlog\cl.write.1.tlog
c:\users\yana\source\repos\sb\sb\debug\sb.tlog\link.command.1.tlog
c:\users\yana\source\repos\sb\sb\debug\sb.tlog\link.read.1.tlog
c:\users\yana\source\repos\sb\sb\debug\sb.tlog\link.write.1.tlog
c:\users\yana\source\repos\sb\sb\debug\sb.tlog\rc.command.1.tlog
c:\users\yana\source\repos\sb\sb\debug\sb.tlog\rc.read.1.tlog
c:\users\yana\source\repos\sb\sb\debug\sb.tlog\rc.write.1.tlog
